2019-11-26 08:30:50,450 version:(null) [1] INFO QuartzServiceLib.QuartzWrapper - Starting Quartz Scheduler
2019-11-26 08:30:50,646 version:(null) [1] WARN Quartz.Simpl.TaskSchedulingThreadPool - Thread priority is no longer supported for thread pool, ignoring
2019-11-26 08:30:50,973 version:(null) [1] INFO Quartz.Util.DBConnectionManager - Registering datasource 'default' with db provider: 'Quartz.Impl.AdoJobStore.Common.DbProvider'
2019-11-26 08:30:50,980 version:(null) [1] INFO Quartz.Impl.StdSchedulerFactory - Using object serializer: Quartz.Simpl.BinaryObjectSerializer, Quartz
2019-11-26 08:30:50,986 version:(null) [1] ERROR QuartzServiceLib.QuartzProgram`1 - Quartz.SchedulerException: SchedulerPlugin of type 'Quartzmin.SelfHost.QuartzminPlugin, Quartzmin.SelfHost' could not be instantiated. ---> System.IO.FileNotFoundException: Could not load file or assembly 'Quartzmin.SelfHost' or one of its dependencies. The system cannot find the file specified.
   at System.RuntimeTypeHandle.GetTypeByName(String name, Boolean throwOnError, Boolean ignoreCase, Boolean reflectionOnly, StackCrawlMarkHandle stackMark, IntPtr pPrivHostBinder, Boolean loadTypeFromPartialName, ObjectHandleOnStack type)
   at System.RuntimeTypeHandle.GetTypeByName(String name, Boolean throwOnError, Boolean ignoreCase, Boolean reflectionOnly, StackCrawlMark& stackMark, IntPtr pPrivHostBinder, Boolean loadTypeFromPartialName)
   at System.RuntimeType.GetType(String typeName, Boolean throwOnError, Boolean ignoreCase, Boolean reflectionOnly, StackCrawlMark& stackMark)
   at System.Type.GetType(String typeName, Boolean throwOnError)
   at Quartz.Impl.StdSchedulerFactory.LoadType(String typeName)
   at Quartz.Impl.StdSchedulerFactory.<Instantiate>d__65.MoveNext()
   --- End of inner exception stack trace ---
   at Quartz.Impl.StdSchedulerFactory.<Instantiate>d__65.MoveNext()
--- End of stack trace from previous location where exception was thrown ---
   at System.Runtime.CompilerServices.TaskAwaiter.ThrowForNonSuccess(Task task)
   at System.Runtime.CompilerServices.TaskAwaiter.HandleNonSuccessAndDebuggerNotification(Task task)
   at Quartz.Impl.StdSchedulerFactory.<GetScheduler>d__69.MoveNext()
--- End of stack trace from previous location where exception was thrown ---
   at System.Runtime.CompilerServices.TaskAwaiter.ThrowForNonSuccess(Task task)
   at System.Runtime.CompilerServices.TaskAwaiter.HandleNonSuccessAndDebuggerNotification(Task task)
   at System.Runtime.CompilerServices.TaskAwaiter`1.GetResult()
   at QuartzServiceLib.QuartzWrapper.get_Scheduler() in C:\Users\briese\Source\Workspaces\Shared\QuartzServiceLib\QuartzWrapper.cs:line 24
   at QuartzServiceLib.QuartzWrapper.StartQuartz() in C:\Users\briese\Source\Workspaces\Shared\QuartzServiceLib\QuartzWrapper.cs:line 47
   at QuartzServiceLib.QuartzProgram`1.Start(String[] args) in C:\Users\briese\Source\Workspaces\Shared\QuartzServiceLib\QuartzProgram.cs:line 181 [See nested exception: System.IO.FileNotFoundException: Could not load file or assembly 'Quartzmin.SelfHost' or one of its dependencies. The system cannot find the file specified.
File name: 'Quartzmin.SelfHost'
   at System.RuntimeTypeHandle.GetTypeByName(String name, Boolean throwOnError, Boolean ignoreCase, Boolean reflectionOnly, StackCrawlMarkHandle stackMark, IntPtr pPrivHostBinder, Boolean loadTypeFromPartialName, ObjectHandleOnStack type)
   at System.RuntimeTypeHandle.GetTypeByName(String name, Boolean throwOnError, Boolean ignoreCase, Boolean reflectionOnly, StackCrawlMark& stackMark, IntPtr pPrivHostBinder, Boolean loadTypeFromPartialName)
   at System.RuntimeType.GetType(String typeName, Boolean throwOnError, Boolean ignoreCase, Boolean reflectionOnly, StackCrawlMark& stackMark)
   at System.Type.GetType(String typeName, Boolean throwOnError)
   at Quartz.Impl.StdSchedulerFactory.LoadType(String typeName)
   at Quartz.Impl.StdSchedulerFactory.<Instantiate>d__65.MoveNext()

WRN: Assembly binding logging is turned OFF.
To enable assembly bind failure logging, set the registry value [HKLM\Software\Microsoft\Fusion!EnableLog] (DWORD) to 1.
Note: There is some performance penalty associated with assembly bind failure logging.
To turn this feature off, remove the registry value [HKLM\Software\Microsoft\Fusion!EnableLog].
]
2019-11-26 08:30:51,100 version:(null) [1] ERROR QuartzServiceLib.QuartzProgram`1 - Quartz.SchedulerException: SchedulerPlugin of type 'Quartzmin.SelfHost.QuartzminPlugin, Quartzmin.SelfHost' could not be instantiated. ---> System.IO.FileNotFoundException: Could not load file or assembly 'Quartzmin.SelfHost' or one of its dependencies. The system cannot find the file specified.
   at System.RuntimeTypeHandle.GetTypeByName(String name, Boolean throwOnError, Boolean ignoreCase, Boolean reflectionOnly, StackCrawlMarkHandle stackMark, IntPtr pPrivHostBinder, Boolean loadTypeFromPartialName, ObjectHandleOnStack type)
   at System.RuntimeTypeHandle.GetTypeByName(String name, Boolean throwOnError, Boolean ignoreCase, Boolean reflectionOnly, StackCrawlMark& stackMark, IntPtr pPrivHostBinder, Boolean loadTypeFromPartialName)
   at System.RuntimeType.GetType(String typeName, Boolean throwOnError, Boolean ignoreCase, Boolean reflectionOnly, StackCrawlMark& stackMark)
   at System.Type.GetType(String typeName, Boolean throwOnError)
   at Quartz.Impl.StdSchedulerFactory.LoadType(String typeName)
   at Quartz.Impl.StdSchedulerFactory.<Instantiate>d__65.MoveNext()
   --- End of inner exception stack trace ---
   at QuartzServiceLib.QuartzProgram`1.Start(String[] args) in C:\Users\briese\Source\Workspaces\Shared\QuartzServiceLib\QuartzProgram.cs:line 189
   at QuartzServiceLib.QuartzProgram`1.ServiceMain(String[] args) in C:\Users\briese\Source\Workspaces\Shared\QuartzServiceLib\QuartzProgram.cs:line 125 [See nested exception: System.IO.FileNotFoundException: Could not load file or assembly 'Quartzmin.SelfHost' or one of its dependencies. The system cannot find the file specified.
File name: 'Quartzmin.SelfHost'
   at System.RuntimeTypeHandle.GetTypeByName(String name, Boolean throwOnError, Boolean ignoreCase, Boolean reflectionOnly, StackCrawlMarkHandle stackMark, IntPtr pPrivHostBinder, Boolean loadTypeFromPartialName, ObjectHandleOnStack type)
   at System.RuntimeTypeHandle.GetTypeByName(String name, Boolean throwOnError, Boolean ignoreCase, Boolean reflectionOnly, StackCrawlMark& stackMark, IntPtr pPrivHostBinder, Boolean loadTypeFromPartialName)
   at System.RuntimeType.GetType(String typeName, Boolean throwOnError, Boolean ignoreCase, Boolean reflectionOnly, StackCrawlMark& stackMark)
   at System.Type.GetType(String typeName, Boolean throwOnError)
   at Quartz.Impl.StdSchedulerFactory.LoadType(String typeName)
   at Quartz.Impl.StdSchedulerFactory.<Instantiate>d__65.MoveNext()

WRN: Assembly binding logging is turned OFF.
To enable assembly bind failure logging, set the registry value [HKLM\Software\Microsoft\Fusion!EnableLog] (DWORD) to 1.
Note: There is some performance penalty associated with assembly bind failure logging.
To turn this feature off, remove the registry value [HKLM\Software\Microsoft\Fusion!EnableLog].
]
2019-11-26 08:31:23,583 version:(null) [1] INFO QuartzServiceLib.QuartzWrapper - Starting Quartz Scheduler
2019-11-26 08:31:23,685 version:(null) [1] WARN Quartz.Simpl.TaskSchedulingThreadPool - Thread priority is no longer supported for thread pool, ignoring
2019-11-26 08:31:23,716 version:(null) [1] INFO Quartz.Util.DBConnectionManager - Registering datasource 'default' with db provider: 'Quartz.Impl.AdoJobStore.Common.DbProvider'
2019-11-26 08:31:23,724 version:(null) [1] INFO Quartz.Impl.StdSchedulerFactory - Using object serializer: Quartz.Simpl.BinaryObjectSerializer, Quartz
2019-11-26 08:31:23,730 version:(null) [1] ERROR QuartzServiceLib.QuartzProgram`1 - Quartz.SchedulerException: SchedulerPlugin of type 'Quartzmin.SelfHost.QuartzminPlugin, Quartzmin.SelfHost' could not be instantiated. ---> System.IO.FileNotFoundException: Could not load file or assembly 'Quartzmin.SelfHost' or one of its dependencies. The system cannot find the file specified.
   at System.RuntimeTypeHandle.GetTypeByName(String name, Boolean throwOnError, Boolean ignoreCase, Boolean reflectionOnly, StackCrawlMarkHandle stackMark, IntPtr pPrivHostBinder, Boolean loadTypeFromPartialName, ObjectHandleOnStack type)
   at System.RuntimeTypeHandle.GetTypeByName(String name, Boolean throwOnError, Boolean ignoreCase, Boolean reflectionOnly, StackCrawlMark& stackMark, IntPtr pPrivHostBinder, Boolean loadTypeFromPartialName)
   at System.RuntimeType.GetType(String typeName, Boolean throwOnError, Boolean ignoreCase, Boolean reflectionOnly, StackCrawlMark& stackMark)
   at System.Type.GetType(String typeName, Boolean throwOnError)
   at Quartz.Impl.StdSchedulerFactory.LoadType(String typeName)
   at Quartz.Impl.StdSchedulerFactory.<Instantiate>d__65.MoveNext()
   --- End of inner exception stack trace ---
   at Quartz.Impl.StdSchedulerFactory.<Instantiate>d__65.MoveNext()
--- End of stack trace from previous location where exception was thrown ---
   at System.Runtime.CompilerServices.TaskAwaiter.ThrowForNonSuccess(Task task)
   at System.Runtime.CompilerServices.TaskAwaiter.HandleNonSuccessAndDebuggerNotification(Task task)
   at Quartz.Impl.StdSchedulerFactory.<GetScheduler>d__69.MoveNext()
--- End of stack trace from previous location where exception was thrown ---
   at System.Runtime.CompilerServices.TaskAwaiter.ThrowForNonSuccess(Task task)
   at System.Runtime.CompilerServices.TaskAwaiter.HandleNonSuccessAndDebuggerNotification(Task task)
   at System.Runtime.CompilerServices.TaskAwaiter`1.GetResult()
   at QuartzServiceLib.QuartzWrapper.get_Scheduler() in C:\Users\briese\Source\Workspaces\Shared\QuartzServiceLib\QuartzWrapper.cs:line 24
   at QuartzServiceLib.QuartzWrapper.StartQuartz() in C:\Users\briese\Source\Workspaces\Shared\QuartzServiceLib\QuartzWrapper.cs:line 47
   at QuartzServiceLib.QuartzProgram`1.Start(String[] args) in C:\Users\briese\Source\Workspaces\Shared\QuartzServiceLib\QuartzProgram.cs:line 181 [See nested exception: System.IO.FileNotFoundException: Could not load file or assembly 'Quartzmin.SelfHost' or one of its dependencies. The system cannot find the file specified.
File name: 'Quartzmin.SelfHost'
   at System.RuntimeTypeHandle.GetTypeByName(String name, Boolean throwOnError, Boolean ignoreCase, Boolean reflectionOnly, StackCrawlMarkHandle stackMark, IntPtr pPrivHostBinder, Boolean loadTypeFromPartialName, ObjectHandleOnStack type)
   at System.RuntimeTypeHandle.GetTypeByName(String name, Boolean throwOnError, Boolean ignoreCase, Boolean reflectionOnly, StackCrawlMark& stackMark, IntPtr pPrivHostBinder, Boolean loadTypeFromPartialName)
   at System.RuntimeType.GetType(String typeName, Boolean throwOnError, Boolean ignoreCase, Boolean reflectionOnly, StackCrawlMark& stackMark)
   at System.Type.GetType(String typeName, Boolean throwOnError)
   at Quartz.Impl.StdSchedulerFactory.LoadType(String typeName)
   at Quartz.Impl.StdSchedulerFactory.<Instantiate>d__65.MoveNext()

WRN: Assembly binding logging is turned OFF.
To enable assembly bind failure logging, set the registry value [HKLM\Software\Microsoft\Fusion!EnableLog] (DWORD) to 1.
Note: There is some performance penalty associated with assembly bind failure logging.
To turn this feature off, remove the registry value [HKLM\Software\Microsoft\Fusion!EnableLog].
]
2019-11-26 08:31:23,751 version:(null) [1] ERROR QuartzServiceLib.QuartzProgram`1 - Quartz.SchedulerException: SchedulerPlugin of type 'Quartzmin.SelfHost.QuartzminPlugin, Quartzmin.SelfHost' could not be instantiated. ---> System.IO.FileNotFoundException: Could not load file or assembly 'Quartzmin.SelfHost' or one of its dependencies. The system cannot find the file specified.
   at System.RuntimeTypeHandle.GetTypeByName(String name, Boolean throwOnError, Boolean ignoreCase, Boolean reflectionOnly, StackCrawlMarkHandle stackMark, IntPtr pPrivHostBinder, Boolean loadTypeFromPartialName, ObjectHandleOnStack type)
   at System.RuntimeTypeHandle.GetTypeByName(String name, Boolean throwOnError, Boolean ignoreCase, Boolean reflectionOnly, StackCrawlMark& stackMark, IntPtr pPrivHostBinder, Boolean loadTypeFromPartialName)
   at System.RuntimeType.GetType(String typeName, Boolean throwOnError, Boolean ignoreCase, Boolean reflectionOnly, StackCrawlMark& stackMark)
   at System.Type.GetType(String typeName, Boolean throwOnError)
   at Quartz.Impl.StdSchedulerFactory.LoadType(String typeName)
   at Quartz.Impl.StdSchedulerFactory.<Instantiate>d__65.MoveNext()
   --- End of inner exception stack trace ---
   at QuartzServiceLib.QuartzProgram`1.Start(String[] args) in C:\Users\briese\Source\Workspaces\Shared\QuartzServiceLib\QuartzProgram.cs:line 189
   at QuartzServiceLib.QuartzProgram`1.ServiceMain(String[] args) in C:\Users\briese\Source\Workspaces\Shared\QuartzServiceLib\QuartzProgram.cs:line 125 [See nested exception: System.IO.FileNotFoundException: Could not load file or assembly 'Quartzmin.SelfHost' or one of its dependencies. The system cannot find the file specified.
File name: 'Quartzmin.SelfHost'
   at System.RuntimeTypeHandle.GetTypeByName(String name, Boolean throwOnError, Boolean ignoreCase, Boolean reflectionOnly, StackCrawlMarkHandle stackMark, IntPtr pPrivHostBinder, Boolean loadTypeFromPartialName, ObjectHandleOnStack type)
   at System.RuntimeTypeHandle.GetTypeByName(String name, Boolean throwOnError, Boolean ignoreCase, Boolean reflectionOnly, StackCrawlMark& stackMark, IntPtr pPrivHostBinder, Boolean loadTypeFromPartialName)
   at System.RuntimeType.GetType(String typeName, Boolean throwOnError, Boolean ignoreCase, Boolean reflectionOnly, StackCrawlMark& stackMark)
   at System.Type.GetType(String typeName, Boolean throwOnError)
   at Quartz.Impl.StdSchedulerFactory.LoadType(String typeName)
   at Quartz.Impl.StdSchedulerFactory.<Instantiate>d__65.MoveNext()

WRN: Assembly binding logging is turned OFF.
To enable assembly bind failure logging, set the registry value [HKLM\Software\Microsoft\Fusion!EnableLog] (DWORD) to 1.
Note: There is some performance penalty associated with assembly bind failure logging.
To turn this feature off, remove the registry value [HKLM\Software\Microsoft\Fusion!EnableLog].
]
2019-11-26 08:32:15,257 version:(null) [1] INFO QuartzServiceLib.QuartzWrapper - Starting Quartz Scheduler
2019-11-26 08:32:15,339 version:(null) [1] WARN Quartz.Simpl.TaskSchedulingThreadPool - Thread priority is no longer supported for thread pool, ignoring
2019-11-26 08:32:15,363 version:(null) [1] INFO Quartz.Util.DBConnectionManager - Registering datasource 'default' with db provider: 'Quartz.Impl.AdoJobStore.Common.DbProvider'
2019-11-26 08:32:15,368 version:(null) [1] INFO Quartz.Impl.StdSchedulerFactory - Using object serializer: Quartz.Simpl.BinaryObjectSerializer, Quartz
2019-11-26 08:32:15,373 version:(null) [1] ERROR QuartzServiceLib.QuartzProgram`1 - Quartz.SchedulerException: SchedulerPlugin of type 'Quartzmin.SelfHost.QuartzminPlugin, Quartzmin.SelfHost' could not be instantiated. ---> System.IO.FileNotFoundException: Could not load file or assembly 'Quartzmin.SelfHost' or one of its dependencies. The system cannot find the file specified.
   at System.RuntimeTypeHandle.GetTypeByName(String name, Boolean throwOnError, Boolean ignoreCase, Boolean reflectionOnly, StackCrawlMarkHandle stackMark, IntPtr pPrivHostBinder, Boolean loadTypeFromPartialName, ObjectHandleOnStack type)
   at System.RuntimeTypeHandle.GetTypeByName(String name, Boolean throwOnError, Boolean ignoreCase, Boolean reflectionOnly, StackCrawlMark& stackMark, IntPtr pPrivHostBinder, Boolean loadTypeFromPartialName)
   at System.RuntimeType.GetType(String typeName, Boolean throwOnError, Boolean ignoreCase, Boolean reflectionOnly, StackCrawlMark& stackMark)
   at System.Type.GetType(String typeName, Boolean throwOnError)
   at Quartz.Impl.StdSchedulerFactory.LoadType(String typeName)
   at Quartz.Impl.StdSchedulerFactory.<Instantiate>d__65.MoveNext()
   --- End of inner exception stack trace ---
   at Quartz.Impl.StdSchedulerFactory.<Instantiate>d__65.MoveNext()
--- End of stack trace from previous location where exception was thrown ---
   at System.Runtime.CompilerServices.TaskAwaiter.ThrowForNonSuccess(Task task)
   at System.Runtime.CompilerServices.TaskAwaiter.HandleNonSuccessAndDebuggerNotification(Task task)
   at Quartz.Impl.StdSchedulerFactory.<GetScheduler>d__69.MoveNext()
--- End of stack trace from previous location where exception was thrown ---
   at System.Runtime.CompilerServices.TaskAwaiter.ThrowForNonSuccess(Task task)
   at System.Runtime.CompilerServices.TaskAwaiter.HandleNonSuccessAndDebuggerNotification(Task task)
   at System.Runtime.CompilerServices.TaskAwaiter`1.GetResult()
   at QuartzServiceLib.QuartzWrapper.get_Scheduler() in C:\Users\briese\Source\Workspaces\Shared\QuartzServiceLib\QuartzWrapper.cs:line 24
   at QuartzServiceLib.QuartzWrapper.StartQuartz() in C:\Users\briese\Source\Workspaces\Shared\QuartzServiceLib\QuartzWrapper.cs:line 47
   at QuartzServiceLib.QuartzProgram`1.Start(String[] args) in C:\Users\briese\Source\Workspaces\Shared\QuartzServiceLib\QuartzProgram.cs:line 181 [See nested exception: System.IO.FileNotFoundException: Could not load file or assembly 'Quartzmin.SelfHost' or one of its dependencies. The system cannot find the file specified.
File name: 'Quartzmin.SelfHost'
   at System.RuntimeTypeHandle.GetTypeByName(String name, Boolean throwOnError, Boolean ignoreCase, Boolean reflectionOnly, StackCrawlMarkHandle stackMark, IntPtr pPrivHostBinder, Boolean loadTypeFromPartialName, ObjectHandleOnStack type)
   at System.RuntimeTypeHandle.GetTypeByName(String name, Boolean throwOnError, Boolean ignoreCase, Boolean reflectionOnly, StackCrawlMark& stackMark, IntPtr pPrivHostBinder, Boolean loadTypeFromPartialName)
   at System.RuntimeType.GetType(String typeName, Boolean throwOnError, Boolean ignoreCase, Boolean reflectionOnly, StackCrawlMark& stackMark)
   at System.Type.GetType(String typeName, Boolean throwOnError)
   at Quartz.Impl.StdSchedulerFactory.LoadType(String typeName)
   at Quartz.Impl.StdSchedulerFactory.<Instantiate>d__65.MoveNext()

WRN: Assembly binding logging is turned OFF.
To enable assembly bind failure logging, set the registry value [HKLM\Software\Microsoft\Fusion!EnableLog] (DWORD) to 1.
Note: There is some performance penalty associated with assembly bind failure logging.
To turn this feature off, remove the registry value [HKLM\Software\Microsoft\Fusion!EnableLog].
]
2019-11-26 08:32:15,391 version:(null) [1] ERROR QuartzServiceLib.QuartzProgram`1 - Quartz.SchedulerException: SchedulerPlugin of type 'Quartzmin.SelfHost.QuartzminPlugin, Quartzmin.SelfHost' could not be instantiated. ---> System.IO.FileNotFoundException: Could not load file or assembly 'Quartzmin.SelfHost' or one of its dependencies. The system cannot find the file specified.
   at System.RuntimeTypeHandle.GetTypeByName(String name, Boolean throwOnError, Boolean ignoreCase, Boolean reflectionOnly, StackCrawlMarkHandle stackMark, IntPtr pPrivHostBinder, Boolean loadTypeFromPartialName, ObjectHandleOnStack type)
   at System.RuntimeTypeHandle.GetTypeByName(String name, Boolean throwOnError, Boolean ignoreCase, Boolean reflectionOnly, StackCrawlMark& stackMark, IntPtr pPrivHostBinder, Boolean loadTypeFromPartialName)
   at System.RuntimeType.GetType(String typeName, Boolean throwOnError, Boolean ignoreCase, Boolean reflectionOnly, StackCrawlMark& stackMark)
   at System.Type.GetType(String typeName, Boolean throwOnError)
   at Quartz.Impl.StdSchedulerFactory.LoadType(String typeName)
   at Quartz.Impl.StdSchedulerFactory.<Instantiate>d__65.MoveNext()
   --- End of inner exception stack trace ---
   at QuartzServiceLib.QuartzProgram`1.Start(String[] args) in C:\Users\briese\Source\Workspaces\Shared\QuartzServiceLib\QuartzProgram.cs:line 189
   at QuartzServiceLib.QuartzProgram`1.ServiceMain(String[] args) in C:\Users\briese\Source\Workspaces\Shared\QuartzServiceLib\QuartzProgram.cs:line 125 [See nested exception: System.IO.FileNotFoundException: Could not load file or assembly 'Quartzmin.SelfHost' or one of its dependencies. The system cannot find the file specified.
File name: 'Quartzmin.SelfHost'
   at System.RuntimeTypeHandle.GetTypeByName(String name, Boolean throwOnError, Boolean ignoreCase, Boolean reflectionOnly, StackCrawlMarkHandle stackMark, IntPtr pPrivHostBinder, Boolean loadTypeFromPartialName, ObjectHandleOnStack type)
   at System.RuntimeTypeHandle.GetTypeByName(String name, Boolean throwOnError, Boolean ignoreCase, Boolean reflectionOnly, StackCrawlMark& stackMark, IntPtr pPrivHostBinder, Boolean loadTypeFromPartialName)
   at System.RuntimeType.GetType(String typeName, Boolean throwOnError, Boolean ignoreCase, Boolean reflectionOnly, StackCrawlMark& stackMark)
   at System.Type.GetType(String typeName, Boolean throwOnError)
   at Quartz.Impl.StdSchedulerFactory.LoadType(String typeName)
   at Quartz.Impl.StdSchedulerFactory.<Instantiate>d__65.MoveNext()

WRN: Assembly binding logging is turned OFF.
To enable assembly bind failure logging, set the registry value [HKLM\Software\Microsoft\Fusion!EnableLog] (DWORD) to 1.
Note: There is some performance penalty associated with assembly bind failure logging.
To turn this feature off, remove the registry value [HKLM\Software\Microsoft\Fusion!EnableLog].
]
2019-11-26 08:33:37,122 version:(null) [1] INFO QuartzServiceLib.QuartzWrapper - Starting Quartz Scheduler
2019-11-26 08:33:37,246 version:(null) [1] WARN Quartz.Simpl.TaskSchedulingThreadPool - Thread priority is no longer supported for thread pool, ignoring
2019-11-26 08:33:37,273 version:(null) [1] INFO Quartz.Util.DBConnectionManager - Registering datasource 'default' with db provider: 'Quartz.Impl.AdoJobStore.Common.DbProvider'
2019-11-26 08:33:37,278 version:(null) [1] INFO Quartz.Impl.StdSchedulerFactory - Using object serializer: Quartz.Simpl.BinaryObjectSerializer, Quartz
2019-11-26 08:33:37,282 version:(null) [1] ERROR QuartzServiceLib.QuartzProgram`1 - Quartz.SchedulerException: SchedulerPlugin of type 'Quartzmin.SelfHost.QuartzminPlugin, Quartzmin.SelfHost' could not be instantiated. ---> System.IO.FileNotFoundException: Could not load file or assembly 'Quartzmin.SelfHost' or one of its dependencies. The system cannot find the file specified.
   at System.RuntimeTypeHandle.GetTypeByName(String name, Boolean throwOnError, Boolean ignoreCase, Boolean reflectionOnly, StackCrawlMarkHandle stackMark, IntPtr pPrivHostBinder, Boolean loadTypeFromPartialName, ObjectHandleOnStack type)
   at System.RuntimeTypeHandle.GetTypeByName(String name, Boolean throwOnError, Boolean ignoreCase, Boolean reflectionOnly, StackCrawlMark& stackMark, IntPtr pPrivHostBinder, Boolean loadTypeFromPartialName)
   at System.RuntimeType.GetType(String typeName, Boolean throwOnError, Boolean ignoreCase, Boolean reflectionOnly, StackCrawlMark& stackMark)
   at System.Type.GetType(String typeName, Boolean throwOnError)
   at Quartz.Impl.StdSchedulerFactory.LoadType(String typeName)
   at Quartz.Impl.StdSchedulerFactory.<Instantiate>d__65.MoveNext()
   --- End of inner exception stack trace ---
   at Quartz.Impl.StdSchedulerFactory.<Instantiate>d__65.MoveNext()
--- End of stack trace from previous location where exception was thrown ---
   at System.Runtime.CompilerServices.TaskAwaiter.ThrowForNonSuccess(Task task)
   at System.Runtime.CompilerServices.TaskAwaiter.HandleNonSuccessAndDebuggerNotification(Task task)
   at Quartz.Impl.StdSchedulerFactory.<GetScheduler>d__69.MoveNext()
--- End of stack trace from previous location where exception was thrown ---
   at System.Runtime.CompilerServices.TaskAwaiter.ThrowForNonSuccess(Task task)
   at System.Runtime.CompilerServices.TaskAwaiter.HandleNonSuccessAndDebuggerNotification(Task task)
   at System.Runtime.CompilerServices.TaskAwaiter`1.GetResult()
   at QuartzServiceLib.QuartzWrapper.get_Scheduler() in C:\Users\briese\Source\Workspaces\Shared\QuartzServiceLib\QuartzWrapper.cs:line 24
   at QuartzServiceLib.QuartzWrapper.StartQuartz() in C:\Users\briese\Source\Workspaces\Shared\QuartzServiceLib\QuartzWrapper.cs:line 47
   at QuartzServiceLib.QuartzProgram`1.Start(String[] args) in C:\Users\briese\Source\Workspaces\Shared\QuartzServiceLib\QuartzProgram.cs:line 181 [See nested exception: System.IO.FileNotFoundException: Could not load file or assembly 'Quartzmin.SelfHost' or one of its dependencies. The system cannot find the file specified.
File name: 'Quartzmin.SelfHost'
   at System.RuntimeTypeHandle.GetTypeByName(String name, Boolean throwOnError, Boolean ignoreCase, Boolean reflectionOnly, StackCrawlMarkHandle stackMark, IntPtr pPrivHostBinder, Boolean loadTypeFromPartialName, ObjectHandleOnStack type)
   at System.RuntimeTypeHandle.GetTypeByName(String name, Boolean throwOnError, Boolean ignoreCase, Boolean reflectionOnly, StackCrawlMark& stackMark, IntPtr pPrivHostBinder, Boolean loadTypeFromPartialName)
   at System.RuntimeType.GetType(String typeName, Boolean throwOnError, Boolean ignoreCase, Boolean reflectionOnly, StackCrawlMark& stackMark)
   at System.Type.GetType(String typeName, Boolean throwOnError)
   at Quartz.Impl.StdSchedulerFactory.LoadType(String typeName)
   at Quartz.Impl.StdSchedulerFactory.<Instantiate>d__65.MoveNext()

WRN: Assembly binding logging is turned OFF.
To enable assembly bind failure logging, set the registry value [HKLM\Software\Microsoft\Fusion!EnableLog] (DWORD) to 1.
Note: There is some performance penalty associated with assembly bind failure logging.
To turn this feature off, remove the registry value [HKLM\Software\Microsoft\Fusion!EnableLog].
]
2019-11-26 08:33:37,298 version:(null) [1] ERROR QuartzServiceLib.QuartzProgram`1 - Quartz.SchedulerException: SchedulerPlugin of type 'Quartzmin.SelfHost.QuartzminPlugin, Quartzmin.SelfHost' could not be instantiated. ---> System.IO.FileNotFoundException: Could not load file or assembly 'Quartzmin.SelfHost' or one of its dependencies. The system cannot find the file specified.
   at System.RuntimeTypeHandle.GetTypeByName(String name, Boolean throwOnError, Boolean ignoreCase, Boolean reflectionOnly, StackCrawlMarkHandle stackMark, IntPtr pPrivHostBinder, Boolean loadTypeFromPartialName, ObjectHandleOnStack type)
   at System.RuntimeTypeHandle.GetTypeByName(String name, Boolean throwOnError, Boolean ignoreCase, Boolean reflectionOnly, StackCrawlMark& stackMark, IntPtr pPrivHostBinder, Boolean loadTypeFromPartialName)
   at System.RuntimeType.GetType(String typeName, Boolean throwOnError, Boolean ignoreCase, Boolean reflectionOnly, StackCrawlMark& stackMark)
   at System.Type.GetType(String typeName, Boolean throwOnError)
   at Quartz.Impl.StdSchedulerFactory.LoadType(String typeName)
   at Quartz.Impl.StdSchedulerFactory.<Instantiate>d__65.MoveNext()
   --- End of inner exception stack trace ---
   at QuartzServiceLib.QuartzProgram`1.Start(String[] args) in C:\Users\briese\Source\Workspaces\Shared\QuartzServiceLib\QuartzProgram.cs:line 189
   at QuartzServiceLib.QuartzProgram`1.ServiceMain(String[] args) in C:\Users\briese\Source\Workspaces\Shared\QuartzServiceLib\QuartzProgram.cs:line 125 [See nested exception: System.IO.FileNotFoundException: Could not load file or assembly 'Quartzmin.SelfHost' or one of its dependencies. The system cannot find the file specified.
File name: 'Quartzmin.SelfHost'
   at System.RuntimeTypeHandle.GetTypeByName(String name, Boolean throwOnError, Boolean ignoreCase, Boolean reflectionOnly, StackCrawlMarkHandle stackMark, IntPtr pPrivHostBinder, Boolean loadTypeFromPartialName, ObjectHandleOnStack type)
   at System.RuntimeTypeHandle.GetTypeByName(String name, Boolean throwOnError, Boolean ignoreCase, Boolean reflectionOnly, StackCrawlMark& stackMark, IntPtr pPrivHostBinder, Boolean loadTypeFromPartialName)
   at System.RuntimeType.GetType(String typeName, Boolean throwOnError, Boolean ignoreCase, Boolean reflectionOnly, StackCrawlMark& stackMark)
   at System.Type.GetType(String typeName, Boolean throwOnError)
   at Quartz.Impl.StdSchedulerFactory.LoadType(String typeName)
   at Quartz.Impl.StdSchedulerFactory.<Instantiate>d__65.MoveNext()

WRN: Assembly binding logging is turned OFF.
To enable assembly bind failure logging, set the registry value [HKLM\Software\Microsoft\Fusion!EnableLog] (DWORD) to 1.
Note: There is some performance penalty associated with assembly bind failure logging.
To turn this feature off, remove the registry value [HKLM\Software\Microsoft\Fusion!EnableLog].
]
2019-11-26 08:36:19,724 version:(null) [1] INFO QuartzServiceLib.QuartzWrapper - Starting Quartz Scheduler
2019-11-26 08:36:19,811 version:(null) [1] WARN Quartz.Simpl.TaskSchedulingThreadPool - Thread priority is no longer supported for thread pool, ignoring
2019-11-26 08:36:19,838 version:(null) [1] INFO Quartz.Util.DBConnectionManager - Registering datasource 'default' with db provider: 'Quartz.Impl.AdoJobStore.Common.DbProvider'
2019-11-26 08:36:19,843 version:(null) [1] INFO Quartz.Impl.StdSchedulerFactory - Using object serializer: Quartz.Simpl.BinaryObjectSerializer, Quartz
2019-11-26 08:36:19,848 version:(null) [1] ERROR QuartzServiceLib.QuartzProgram`1 - Quartz.SchedulerException: SchedulerPlugin of type 'Quartzmin.SelfHost.QuartzminPlugin, Quartzmin.SelfHost' could not be instantiated. ---> System.IO.FileNotFoundException: Could not load file or assembly 'Quartzmin.SelfHost' or one of its dependencies. The system cannot find the file specified.
   at System.RuntimeTypeHandle.GetTypeByName(String name, Boolean throwOnError, Boolean ignoreCase, Boolean reflectionOnly, StackCrawlMarkHandle stackMark, IntPtr pPrivHostBinder, Boolean loadTypeFromPartialName, ObjectHandleOnStack type)
   at System.RuntimeTypeHandle.GetTypeByName(String name, Boolean throwOnError, Boolean ignoreCase, Boolean reflectionOnly, StackCrawlMark& stackMark, IntPtr pPrivHostBinder, Boolean loadTypeFromPartialName)
   at System.RuntimeType.GetType(String typeName, Boolean throwOnError, Boolean ignoreCase, Boolean reflectionOnly, StackCrawlMark& stackMark)
   at System.Type.GetType(String typeName, Boolean throwOnError)
   at Quartz.Impl.StdSchedulerFactory.LoadType(String typeName)
   at Quartz.Impl.StdSchedulerFactory.<Instantiate>d__65.MoveNext()
   --- End of inner exception stack trace ---
   at Quartz.Impl.StdSchedulerFactory.<Instantiate>d__65.MoveNext()
--- End of stack trace from previous location where exception was thrown ---
   at System.Runtime.CompilerServices.TaskAwaiter.ThrowForNonSuccess(Task task)
   at System.Runtime.CompilerServices.TaskAwaiter.HandleNonSuccessAndDebuggerNotification(Task task)
   at Quartz.Impl.StdSchedulerFactory.<GetScheduler>d__69.MoveNext()
--- End of stack trace from previous location where exception was thrown ---
   at System.Runtime.CompilerServices.TaskAwaiter.ThrowForNonSuccess(Task task)
   at System.Runtime.CompilerServices.TaskAwaiter.HandleNonSuccessAndDebuggerNotification(Task task)
   at System.Runtime.CompilerServices.TaskAwaiter`1.GetResult()
   at QuartzServiceLib.QuartzWrapper.get_Scheduler() in C:\Users\briese\Source\Workspaces\Shared\QuartzServiceLib\QuartzWrapper.cs:line 24
   at QuartzServiceLib.QuartzWrapper.StartQuartz() in C:\Users\briese\Source\Workspaces\Shared\QuartzServiceLib\QuartzWrapper.cs:line 47
   at QuartzServiceLib.QuartzProgram`1.Start(String[] args) in C:\Users\briese\Source\Workspaces\Shared\QuartzServiceLib\QuartzProgram.cs:line 181 [See nested exception: System.IO.FileNotFoundException: Could not load file or assembly 'Quartzmin.SelfHost' or one of its dependencies. The system cannot find the file specified.
File name: 'Quartzmin.SelfHost'
   at System.RuntimeTypeHandle.GetTypeByName(String name, Boolean throwOnError, Boolean ignoreCase, Boolean reflectionOnly, StackCrawlMarkHandle stackMark, IntPtr pPrivHostBinder, Boolean loadTypeFromPartialName, ObjectHandleOnStack type)
   at System.RuntimeTypeHandle.GetTypeByName(String name, Boolean throwOnError, Boolean ignoreCase, Boolean reflectionOnly, StackCrawlMark& stackMark, IntPtr pPrivHostBinder, Boolean loadTypeFromPartialName)
   at System.RuntimeType.GetType(String typeName, Boolean throwOnError, Boolean ignoreCase, Boolean reflectionOnly, StackCrawlMark& stackMark)
   at System.Type.GetType(String typeName, Boolean throwOnError)
   at Quartz.Impl.StdSchedulerFactory.LoadType(String typeName)
   at Quartz.Impl.StdSchedulerFactory.<Instantiate>d__65.MoveNext()

WRN: Assembly binding logging is turned OFF.
To enable assembly bind failure logging, set the registry value [HKLM\Software\Microsoft\Fusion!EnableLog] (DWORD) to 1.
Note: There is some performance penalty associated with assembly bind failure logging.
To turn this feature off, remove the registry value [HKLM\Software\Microsoft\Fusion!EnableLog].
]
2019-11-26 08:36:19,868 version:(null) [1] ERROR QuartzServiceLib.QuartzProgram`1 - Quartz.SchedulerException: SchedulerPlugin of type 'Quartzmin.SelfHost.QuartzminPlugin, Quartzmin.SelfHost' could not be instantiated. ---> System.IO.FileNotFoundException: Could not load file or assembly 'Quartzmin.SelfHost' or one of its dependencies. The system cannot find the file specified.
   at System.RuntimeTypeHandle.GetTypeByName(String name, Boolean throwOnError, Boolean ignoreCase, Boolean reflectionOnly, StackCrawlMarkHandle stackMark, IntPtr pPrivHostBinder, Boolean loadTypeFromPartialName, ObjectHandleOnStack type)
   at System.RuntimeTypeHandle.GetTypeByName(String name, Boolean throwOnError, Boolean ignoreCase, Boolean reflectionOnly, StackCrawlMark& stackMark, IntPtr pPrivHostBinder, Boolean loadTypeFromPartialName)
   at System.RuntimeType.GetType(String typeName, Boolean throwOnError, Boolean ignoreCase, Boolean reflectionOnly, StackCrawlMark& stackMark)
   at System.Type.GetType(String typeName, Boolean throwOnError)
   at Quartz.Impl.StdSchedulerFactory.LoadType(String typeName)
   at Quartz.Impl.StdSchedulerFactory.<Instantiate>d__65.MoveNext()
   --- End of inner exception stack trace ---
   at QuartzServiceLib.QuartzProgram`1.Start(String[] args) in C:\Users\briese\Source\Workspaces\Shared\QuartzServiceLib\QuartzProgram.cs:line 189
   at QuartzServiceLib.QuartzProgram`1.ServiceMain(String[] args) in C:\Users\briese\Source\Workspaces\Shared\QuartzServiceLib\QuartzProgram.cs:line 125 [See nested exception: System.IO.FileNotFoundException: Could not load file or assembly 'Quartzmin.SelfHost' or one of its dependencies. The system cannot find the file specified.
File name: 'Quartzmin.SelfHost'
   at System.RuntimeTypeHandle.GetTypeByName(String name, Boolean throwOnError, Boolean ignoreCase, Boolean reflectionOnly, StackCrawlMarkHandle stackMark, IntPtr pPrivHostBinder, Boolean loadTypeFromPartialName, ObjectHandleOnStack type)
   at System.RuntimeTypeHandle.GetTypeByName(String name, Boolean throwOnError, Boolean ignoreCase, Boolean reflectionOnly, StackCrawlMark& stackMark, IntPtr pPrivHostBinder, Boolean loadTypeFromPartialName)
   at System.RuntimeType.GetType(String typeName, Boolean throwOnError, Boolean ignoreCase, Boolean reflectionOnly, StackCrawlMark& stackMark)
   at System.Type.GetType(String typeName, Boolean throwOnError)
   at Quartz.Impl.StdSchedulerFactory.LoadType(String typeName)
   at Quartz.Impl.StdSchedulerFactory.<Instantiate>d__65.MoveNext()

WRN: Assembly binding logging is turned OFF.
To enable assembly bind failure logging, set the registry value [HKLM\Software\Microsoft\Fusion!EnableLog] (DWORD) to 1.
Note: There is some performance penalty associated with assembly bind failure logging.
To turn this feature off, remove the registry value [HKLM\Software\Microsoft\Fusion!EnableLog].
]
2019-11-26 08:38:04,248 version:(null) [1] INFO QuartzServiceLib.QuartzWrapper - Starting Quartz Scheduler
2019-11-26 08:38:04,337 version:(null) [1] WARN Quartz.Simpl.TaskSchedulingThreadPool - Thread priority is no longer supported for thread pool, ignoring
2019-11-26 08:38:04,362 version:(null) [1] INFO Quartz.Util.DBConnectionManager - Registering datasource 'default' with db provider: 'Quartz.Impl.AdoJobStore.Common.DbProvider'
2019-11-26 08:38:04,367 version:(null) [1] INFO Quartz.Impl.StdSchedulerFactory - Using object serializer: Quartz.Simpl.BinaryObjectSerializer, Quartz
2019-11-26 08:38:04,372 version:(null) [1] ERROR QuartzServiceLib.QuartzProgram`1 - Quartz.SchedulerException: SchedulerPlugin of type 'Quartzmin.SelfHost.QuartzminPlugin, Quartzmin.SelfHost' could not be instantiated. ---> System.IO.FileNotFoundException: Could not load file or assembly 'Quartzmin.SelfHost' or one of its dependencies. The system cannot find the file specified.
   at System.RuntimeTypeHandle.GetTypeByName(String name, Boolean throwOnError, Boolean ignoreCase, Boolean reflectionOnly, StackCrawlMarkHandle stackMark, IntPtr pPrivHostBinder, Boolean loadTypeFromPartialName, ObjectHandleOnStack type)
   at System.RuntimeTypeHandle.GetTypeByName(String name, Boolean throwOnError, Boolean ignoreCase, Boolean reflectionOnly, StackCrawlMark& stackMark, IntPtr pPrivHostBinder, Boolean loadTypeFromPartialName)
   at System.RuntimeType.GetType(String typeName, Boolean throwOnError, Boolean ignoreCase, Boolean reflectionOnly, StackCrawlMark& stackMark)
   at System.Type.GetType(String typeName, Boolean throwOnError)
   at Quartz.Impl.StdSchedulerFactory.LoadType(String typeName)
   at Quartz.Impl.StdSchedulerFactory.<Instantiate>d__65.MoveNext()
   --- End of inner exception stack trace ---
   at Quartz.Impl.StdSchedulerFactory.<Instantiate>d__65.MoveNext()
--- End of stack trace from previous location where exception was thrown ---
   at System.Runtime.CompilerServices.TaskAwaiter.ThrowForNonSuccess(Task task)
   at System.Runtime.CompilerServices.TaskAwaiter.HandleNonSuccessAndDebuggerNotification(Task task)
   at Quartz.Impl.StdSchedulerFactory.<GetScheduler>d__69.MoveNext()
--- End of stack trace from previous location where exception was thrown ---
   at System.Runtime.CompilerServices.TaskAwaiter.ThrowForNonSuccess(Task task)
   at System.Runtime.CompilerServices.TaskAwaiter.HandleNonSuccessAndDebuggerNotification(Task task)
   at System.Runtime.CompilerServices.TaskAwaiter`1.GetResult()
   at QuartzServiceLib.QuartzWrapper.get_Scheduler() in C:\Users\briese\Source\Workspaces\Shared\QuartzServiceLib\QuartzWrapper.cs:line 24
   at QuartzServiceLib.QuartzWrapper.StartQuartz() in C:\Users\briese\Source\Workspaces\Shared\QuartzServiceLib\QuartzWrapper.cs:line 47
   at QuartzServiceLib.QuartzProgram`1.Start(String[] args) in C:\Users\briese\Source\Workspaces\Shared\QuartzServiceLib\QuartzProgram.cs:line 181 [See nested exception: System.IO.FileNotFoundException: Could not load file or assembly 'Quartzmin.SelfHost' or one of its dependencies. The system cannot find the file specified.
File name: 'Quartzmin.SelfHost'
   at System.RuntimeTypeHandle.GetTypeByName(String name, Boolean throwOnError, Boolean ignoreCase, Boolean reflectionOnly, StackCrawlMarkHandle stackMark, IntPtr pPrivHostBinder, Boolean loadTypeFromPartialName, ObjectHandleOnStack type)
   at System.RuntimeTypeHandle.GetTypeByName(String name, Boolean throwOnError, Boolean ignoreCase, Boolean reflectionOnly, StackCrawlMark& stackMark, IntPtr pPrivHostBinder, Boolean loadTypeFromPartialName)
   at System.RuntimeType.GetType(String typeName, Boolean throwOnError, Boolean ignoreCase, Boolean reflectionOnly, StackCrawlMark& stackMark)
   at System.Type.GetType(String typeName, Boolean throwOnError)
   at Quartz.Impl.StdSchedulerFactory.LoadType(String typeName)
   at Quartz.Impl.StdSchedulerFactory.<Instantiate>d__65.MoveNext()

WRN: Assembly binding logging is turned OFF.
To enable assembly bind failure logging, set the registry value [HKLM\Software\Microsoft\Fusion!EnableLog] (DWORD) to 1.
Note: There is some performance penalty associated with assembly bind failure logging.
To turn this feature off, remove the registry value [HKLM\Software\Microsoft\Fusion!EnableLog].
]
2019-11-26 08:38:04,390 version:(null) [1] ERROR QuartzServiceLib.QuartzProgram`1 - Quartz.SchedulerException: SchedulerPlugin of type 'Quartzmin.SelfHost.QuartzminPlugin, Quartzmin.SelfHost' could not be instantiated. ---> System.IO.FileNotFoundException: Could not load file or assembly 'Quartzmin.SelfHost' or one of its dependencies. The system cannot find the file specified.
   at System.RuntimeTypeHandle.GetTypeByName(String name, Boolean throwOnError, Boolean ignoreCase, Boolean reflectionOnly, StackCrawlMarkHandle stackMark, IntPtr pPrivHostBinder, Boolean loadTypeFromPartialName, ObjectHandleOnStack type)
   at System.RuntimeTypeHandle.GetTypeByName(String name, Boolean throwOnError, Boolean ignoreCase, Boolean reflectionOnly, StackCrawlMark& stackMark, IntPtr pPrivHostBinder, Boolean loadTypeFromPartialName)
   at System.RuntimeType.GetType(String typeName, Boolean throwOnError, Boolean ignoreCase, Boolean reflectionOnly, StackCrawlMark& stackMark)
   at System.Type.GetType(String typeName, Boolean throwOnError)
   at Quartz.Impl.StdSchedulerFactory.LoadType(String typeName)
   at Quartz.Impl.StdSchedulerFactory.<Instantiate>d__65.MoveNext()
   --- End of inner exception stack trace ---
   at QuartzServiceLib.QuartzProgram`1.Start(String[] args) in C:\Users\briese\Source\Workspaces\Shared\QuartzServiceLib\QuartzProgram.cs:line 189
   at QuartzServiceLib.QuartzProgram`1.ServiceMain(String[] args) in C:\Users\briese\Source\Workspaces\Shared\QuartzServiceLib\QuartzProgram.cs:line 125 [See nested exception: System.IO.FileNotFoundException: Could not load file or assembly 'Quartzmin.SelfHost' or one of its dependencies. The system cannot find the file specified.
File name: 'Quartzmin.SelfHost'
   at System.RuntimeTypeHandle.GetTypeByName(String name, Boolean throwOnError, Boolean ignoreCase, Boolean reflectionOnly, StackCrawlMarkHandle stackMark, IntPtr pPrivHostBinder, Boolean loadTypeFromPartialName, ObjectHandleOnStack type)
   at System.RuntimeTypeHandle.GetTypeByName(String name, Boolean throwOnError, Boolean ignoreCase, Boolean reflectionOnly, StackCrawlMark& stackMark, IntPtr pPrivHostBinder, Boolean loadTypeFromPartialName)
   at System.RuntimeType.GetType(String typeName, Boolean throwOnError, Boolean ignoreCase, Boolean reflectionOnly, StackCrawlMark& stackMark)
   at System.Type.GetType(String typeName, Boolean throwOnError)
   at Quartz.Impl.StdSchedulerFactory.LoadType(String typeName)
   at Quartz.Impl.StdSchedulerFactory.<Instantiate>d__65.MoveNext()

WRN: Assembly binding logging is turned OFF.
To enable assembly bind failure logging, set the registry value [HKLM\Software\Microsoft\Fusion!EnableLog] (DWORD) to 1.
Note: There is some performance penalty associated with assembly bind failure logging.
To turn this feature off, remove the registry value [HKLM\Software\Microsoft\Fusion!EnableLog].
]
2019-11-26 08:38:23,194 version:(null) [1] INFO QuartzServiceLib.QuartzWrapper - Starting Quartz Scheduler
2019-11-26 08:38:23,283 version:(null) [1] WARN Quartz.Simpl.TaskSchedulingThreadPool - Thread priority is no longer supported for thread pool, ignoring
2019-11-26 08:38:23,310 version:(null) [1] INFO Quartz.Util.DBConnectionManager - Registering datasource 'default' with db provider: 'Quartz.Impl.AdoJobStore.Common.DbProvider'
2019-11-26 08:38:23,315 version:(null) [1] INFO Quartz.Impl.StdSchedulerFactory - Using object serializer: Quartz.Simpl.BinaryObjectSerializer, Quartz
2019-11-26 08:38:23,354 version:(null) [1] INFO Quartz.Core.SchedulerSignalerImpl - Initialized Scheduler Signaller of type: Quartz.Core.SchedulerSignalerImpl
2019-11-26 08:38:23,360 version:(null) [1] INFO Quartz.Core.QuartzScheduler - Quartz Scheduler v.3.0.7.0 created.
2019-11-26 08:38:23,369 version:(null) [1] INFO Quartz.Impl.AdoJobStore.JobStoreTX - Using thread monitor-based data access locking (synchronization).
2019-11-26 08:38:23,373 version:(null) [1] INFO Quartz.Impl.AdoJobStore.JobStoreTX - JobStoreTX initialized.
2019-11-26 08:38:23,463 version:(null) [1] INFO Quartz.Simpl.RemotingSchedulerExporter - Remoting is allowing remote calls
2019-11-26 08:38:23,465 version:(null) [1] INFO Quartz.Simpl.RemotingSchedulerExporter - Registering remoting channel of type 'System.Runtime.Remoting.Channels.Tcp.TcpChannel' to port (555) with name (httpQuartz)
2019-11-26 08:38:23,466 version:(null) [1] INFO Quartz.Simpl.RemotingSchedulerExporter - Remoting channel registered successfully
2019-11-26 08:38:23,468 version:(null) [1] INFO Quartz.Simpl.RemotingSchedulerExporter - Successfully marshalled remotable scheduler under name 'QuartzScheduler'
2019-11-26 08:38:23,472 version:(null) [1] INFO Quartz.Core.QuartzScheduler - Scheduler meta-data: Quartz Scheduler (v3.0.7.0) 'DEV-BR-9WYLM32-QuartzService' with instanceId 'DEV-BR-9WYLM32-QuartzService-QuartzService'
  Scheduler class: 'Quartz.Core.QuartzScheduler' - access via remote invocation.
  NOT STARTED.
  Currently in standby mode.
  Number of jobs executed: 0
  Using thread pool 'Quartz.Simpl.DefaultThreadPool' - with 5 threads.
  Using job-store 'Quartz.Impl.AdoJobStore.JobStoreTX' - which supports persistence. and is not clustered.

2019-11-26 08:38:23,476 version:(null) [1] INFO Quartz.Impl.StdSchedulerFactory - Quartz scheduler 'DEV-BR-9WYLM32-QuartzService' initialized
2019-11-26 08:38:23,479 version:(null) [1] INFO Quartz.Impl.StdSchedulerFactory - Quartz scheduler version: 3.0.7.0
2019-11-26 08:38:24,000 version:(null) [9] INFO Quartz.Impl.AdoJobStore.JobStoreTX - Freed 0 triggers from 'acquired' / 'blocked' state.
2019-11-26 08:38:24,018 version:(null) [8] INFO Quartz.Impl.AdoJobStore.JobStoreTX - Recovering 0 jobs that were in-progress at the time of the last shut-down.
2019-11-26 08:38:24,020 version:(null) [8] INFO Quartz.Impl.AdoJobStore.JobStoreTX - Recovery complete.
2019-11-26 08:38:24,025 version:(null) [9] INFO Quartz.Impl.AdoJobStore.JobStoreTX - Removed 0 'complete' triggers.
2019-11-26 08:38:24,029 version:(null) [5] INFO Quartz.Impl.AdoJobStore.JobStoreTX - Removed 0 stale fired job entries.
2019-11-26 08:38:24,679 version:(null) [5] INFO Quartz.Core.QuartzScheduler - Scheduler DEV-BR-9WYLM32-QuartzService_$_DEV-BR-9WYLM32-QuartzService-QuartzService started.
2019-11-26 09:55:46,221 version:(null) [1] INFO QuartzService.Program - Loading 
2019-11-26 09:55:46,320 version:(null) [1] INFO QuartzServiceLib.QuartzWrapper - Starting Quartz Scheduler
2019-11-26 09:55:46,413 version:(null) [1] WARN Quartz.Simpl.TaskSchedulingThreadPool - Thread priority is no longer supported for thread pool, ignoring
2019-11-26 09:55:46,443 version:(null) [1] INFO Quartz.Util.DBConnectionManager - Registering datasource 'default' with db provider: 'Quartz.Impl.AdoJobStore.Common.DbProvider'
2019-11-26 09:55:46,448 version:(null) [1] INFO Quartz.Impl.StdSchedulerFactory - Using object serializer: Quartz.Simpl.BinaryObjectSerializer, Quartz
2019-11-26 09:55:46,471 version:(null) [1] INFO Quartz.Core.SchedulerSignalerImpl - Initialized Scheduler Signaller of type: Quartz.Core.SchedulerSignalerImpl
2019-11-26 09:55:46,477 version:(null) [1] INFO Quartz.Core.QuartzScheduler - Quartz Scheduler v.3.0.7.0 created.
2019-11-26 09:55:46,487 version:(null) [1] INFO Quartz.Impl.AdoJobStore.JobStoreTX - Using thread monitor-based data access locking (synchronization).
2019-11-26 09:55:46,490 version:(null) [1] INFO Quartz.Impl.AdoJobStore.JobStoreTX - JobStoreTX initialized.
2019-11-26 09:55:46,510 version:(null) [1] INFO Quartz.Simpl.RemotingSchedulerExporter - Remoting is allowing remote calls
2019-11-26 09:55:46,511 version:(null) [1] INFO Quartz.Simpl.RemotingSchedulerExporter - Registering remoting channel of type 'System.Runtime.Remoting.Channels.Tcp.TcpChannel' to port (555) with name (httpQuartz)
2019-11-26 09:55:46,513 version:(null) [1] INFO Quartz.Simpl.RemotingSchedulerExporter - Remoting channel registered successfully
2019-11-26 09:55:46,515 version:(null) [1] INFO Quartz.Simpl.RemotingSchedulerExporter - Successfully marshalled remotable scheduler under name 'QuartzScheduler'
2019-11-26 09:55:46,520 version:(null) [1] INFO Quartz.Core.QuartzScheduler - Scheduler meta-data: Quartz Scheduler (v3.0.7.0) 'DEV-BR-9WYLM32-QuartzService' with instanceId 'DEV-BR-9WYLM32-QuartzService-QuartzService'
  Scheduler class: 'Quartz.Core.QuartzScheduler' - access via remote invocation.
  NOT STARTED.
  Currently in standby mode.
  Number of jobs executed: 0
  Using thread pool 'Quartz.Simpl.DefaultThreadPool' - with 5 threads.
  Using job-store 'Quartz.Impl.AdoJobStore.JobStoreTX' - which supports persistence. and is not clustered.

2019-11-26 09:55:46,524 version:(null) [1] INFO Quartz.Impl.StdSchedulerFactory - Quartz scheduler 'DEV-BR-9WYLM32-QuartzService' initialized
2019-11-26 09:55:46,526 version:(null) [1] INFO Quartz.Impl.StdSchedulerFactory - Quartz scheduler version: 3.0.7.0
2019-11-26 09:55:46,627 version:(null) [8] INFO Quartz.Impl.AdoJobStore.JobStoreTX - Freed 0 triggers from 'acquired' / 'blocked' state.
2019-11-26 09:55:46,645 version:(null) [9] INFO Quartz.Impl.AdoJobStore.JobStoreTX - Recovering 0 jobs that were in-progress at the time of the last shut-down.
2019-11-26 09:55:46,648 version:(null) [9] INFO Quartz.Impl.AdoJobStore.JobStoreTX - Recovery complete.
2019-11-26 09:55:46,654 version:(null) [8] INFO Quartz.Impl.AdoJobStore.JobStoreTX - Removed 0 'complete' triggers.
2019-11-26 09:55:46,659 version:(null) [5] INFO Quartz.Impl.AdoJobStore.JobStoreTX - Removed 0 stale fired job entries.
2019-11-26 09:55:46,885 version:(null) [5] INFO Quartz.Core.QuartzScheduler - Scheduler DEV-BR-9WYLM32-QuartzService_$_DEV-BR-9WYLM32-QuartzService-QuartzService started.
2019-11-26 15:13:54,278 version:(null) [1] INFO QuartzServiceLib.QuartzWrapper - Starting Quartz Scheduler
2019-11-26 15:13:54,489 version:(null) [1] WARN Quartz.Simpl.TaskSchedulingThreadPool - Thread priority is no longer supported for thread pool, ignoring
2019-11-26 15:13:54,516 version:(null) [1] INFO Quartz.Util.DBConnectionManager - Registering datasource 'default' with db provider: 'Quartz.Impl.AdoJobStore.Common.DbProvider'
2019-11-26 15:13:54,522 version:(null) [1] INFO Quartz.Impl.StdSchedulerFactory - Using object serializer: Quartz.Simpl.BinaryObjectSerializer, Quartz
2019-11-26 15:13:54,626 version:(null) [1] INFO Quartz.Core.SchedulerSignalerImpl - Initialized Scheduler Signaller of type: Quartz.Core.SchedulerSignalerImpl
2019-11-26 15:13:54,634 version:(null) [1] INFO Quartz.Core.QuartzScheduler - Quartz Scheduler v.3.0.7.0 created.
2019-11-26 15:13:54,648 version:(null) [1] INFO Quartz.Impl.AdoJobStore.JobStoreTX - Using thread monitor-based data access locking (synchronization).
2019-11-26 15:13:54,652 version:(null) [1] INFO Quartz.Impl.AdoJobStore.JobStoreTX - JobStoreTX initialized.
2019-11-26 15:13:54,679 version:(null) [1] INFO Quartz.Simpl.RemotingSchedulerExporter - Remoting is allowing remote calls
2019-11-26 15:13:54,681 version:(null) [1] INFO Quartz.Simpl.RemotingSchedulerExporter - Registering remoting channel of type 'System.Runtime.Remoting.Channels.Tcp.TcpChannel' to port (555) with name (httpQuartz)
2019-11-26 15:13:54,683 version:(null) [1] INFO Quartz.Simpl.RemotingSchedulerExporter - Remoting channel registered successfully
2019-11-26 15:13:54,685 version:(null) [1] INFO Quartz.Simpl.RemotingSchedulerExporter - Successfully marshalled remotable scheduler under name 'QuartzScheduler'
2019-11-26 15:13:54,691 version:(null) [1] INFO Quartz.Core.QuartzScheduler - Scheduler meta-data: Quartz Scheduler (v3.0.7.0) 'DEV-BR-9WYLM32-QuartzService' with instanceId 'DEV-BR-9WYLM32-QuartzService'
  Scheduler class: 'Quartz.Core.QuartzScheduler' - access via remote invocation.
  NOT STARTED.
  Currently in standby mode.
  Number of jobs executed: 0
  Using thread pool 'Quartz.Simpl.DefaultThreadPool' - with 5 threads.
  Using job-store 'Quartz.Impl.AdoJobStore.JobStoreTX' - which supports persistence. and is not clustered.

2019-11-26 15:13:54,696 version:(null) [1] INFO Quartz.Impl.StdSchedulerFactory - Quartz scheduler 'DEV-BR-9WYLM32-QuartzService' initialized
2019-11-26 15:13:54,698 version:(null) [1] INFO Quartz.Impl.StdSchedulerFactory - Quartz scheduler version: 3.0.7.0
2019-11-26 15:13:55,000 version:(null) [5] INFO Quartz.Impl.AdoJobStore.JobStoreTX - Freed 0 triggers from 'acquired' / 'blocked' state.
2019-11-26 15:13:55,070 version:(null) [5] INFO Quartz.Impl.AdoJobStore.JobStoreTX - Recovering 0 jobs that were in-progress at the time of the last shut-down.
2019-11-26 15:13:55,072 version:(null) [5] INFO Quartz.Impl.AdoJobStore.JobStoreTX - Recovery complete.
2019-11-26 15:13:55,085 version:(null) [9] INFO Quartz.Impl.AdoJobStore.JobStoreTX - Removed 0 'complete' triggers.
2019-11-26 15:13:55,129 version:(null) [5] INFO Quartz.Impl.AdoJobStore.JobStoreTX - Removed 0 stale fired job entries.
2019-11-26 15:13:56,531 version:(null) [5] INFO Quartz.Core.QuartzScheduler - Scheduler DEV-BR-9WYLM32-QuartzService_$_DEV-BR-9WYLM32-QuartzService started.
2019-11-26 15:18:26,322 version:(null) [25] INFO QuartzService.Program - Calling TinybeansStatusUpdates.TinyBeansFromCSVProcessor
2019-11-26 15:19:35,569 version:(null) [1] INFO QuartzServiceLib.QuartzWrapper - Starting Quartz Scheduler
2019-11-26 15:19:35,781 version:(null) [1] WARN Quartz.Simpl.TaskSchedulingThreadPool - Thread priority is no longer supported for thread pool, ignoring
2019-11-26 15:19:35,847 version:(null) [1] INFO Quartz.Util.DBConnectionManager - Registering datasource 'default' with db provider: 'Quartz.Impl.AdoJobStore.Common.DbProvider'
2019-11-26 15:19:35,859 version:(null) [1] INFO Quartz.Impl.StdSchedulerFactory - Using object serializer: Quartz.Simpl.BinaryObjectSerializer, Quartz
2019-11-26 15:19:35,923 version:(null) [1] INFO Quartz.Core.SchedulerSignalerImpl - Initialized Scheduler Signaller of type: Quartz.Core.SchedulerSignalerImpl
2019-11-26 15:19:35,945 version:(null) [1] INFO Quartz.Core.QuartzScheduler - Quartz Scheduler v.3.0.7.0 created.
2019-11-26 15:19:35,961 version:(null) [1] INFO Quartz.Impl.AdoJobStore.JobStoreTX - Using thread monitor-based data access locking (synchronization).
2019-11-26 15:19:35,967 version:(null) [1] INFO Quartz.Impl.AdoJobStore.JobStoreTX - JobStoreTX initialized.
2019-11-26 15:19:36,012 version:(null) [1] INFO Quartz.Simpl.RemotingSchedulerExporter - Remoting is allowing remote calls
2019-11-26 15:19:36,014 version:(null) [1] INFO Quartz.Simpl.RemotingSchedulerExporter - Registering remoting channel of type 'System.Runtime.Remoting.Channels.Tcp.TcpChannel' to port (555) with name (httpQuartz)
2019-11-26 15:19:36,016 version:(null) [1] INFO Quartz.Simpl.RemotingSchedulerExporter - Remoting channel registered successfully
2019-11-26 15:19:36,019 version:(null) [1] INFO Quartz.Simpl.RemotingSchedulerExporter - Successfully marshalled remotable scheduler under name 'QuartzScheduler'
2019-11-26 15:19:36,026 version:(null) [1] INFO Quartz.Core.QuartzScheduler - Scheduler meta-data: Quartz Scheduler (v3.0.7.0) 'DEV-BR-9WYLM32-QuartzService' with instanceId 'DEV-BR-9WYLM32-QuartzService'
  Scheduler class: 'Quartz.Core.QuartzScheduler' - access via remote invocation.
  NOT STARTED.
  Currently in standby mode.
  Number of jobs executed: 0
  Using thread pool 'Quartz.Simpl.DefaultThreadPool' - with 5 threads.
  Using job-store 'Quartz.Impl.AdoJobStore.JobStoreTX' - which supports persistence. and is not clustered.

2019-11-26 15:19:36,031 version:(null) [1] INFO Quartz.Impl.StdSchedulerFactory - Quartz scheduler 'DEV-BR-9WYLM32-QuartzService' initialized
2019-11-26 15:19:36,034 version:(null) [1] INFO Quartz.Impl.StdSchedulerFactory - Quartz scheduler version: 3.0.7.0
2019-11-26 15:19:36,249 version:(null) [5] INFO Quartz.Impl.AdoJobStore.JobStoreTX - Freed 0 triggers from 'acquired' / 'blocked' state.
2019-11-26 15:19:36,290 version:(null) [9] INFO Quartz.Impl.AdoJobStore.JobStoreTX - Recovering 0 jobs that were in-progress at the time of the last shut-down.
2019-11-26 15:19:36,295 version:(null) [9] INFO Quartz.Impl.AdoJobStore.JobStoreTX - Recovery complete.
2019-11-26 15:19:36,351 version:(null) [5] INFO Quartz.Impl.AdoJobStore.JobStoreTX - Removed 1 'complete' triggers.
2019-11-26 15:19:36,359 version:(null) [5] INFO Quartz.Impl.AdoJobStore.JobStoreTX - Removed 1 stale fired job entries.
2019-11-26 15:19:36,991 version:(null) [5] INFO Quartz.Core.QuartzScheduler - Scheduler DEV-BR-9WYLM32-QuartzService_$_DEV-BR-9WYLM32-QuartzService started.
2019-11-26 15:19:40,164 version:(null) [15] INFO QuartzService.Program - Calling TinybeansStatusUpdates.TinyBeansFromCSVProcessor
2019-11-26 15:21:33,406 version:(null) [1] INFO QuartzServiceLib.QuartzWrapper - Starting Quartz Scheduler
2019-11-26 15:21:33,601 version:(null) [1] WARN Quartz.Simpl.TaskSchedulingThreadPool - Thread priority is no longer supported for thread pool, ignoring
2019-11-26 15:21:33,654 version:(null) [1] INFO Quartz.Util.DBConnectionManager - Registering datasource 'default' with db provider: 'Quartz.Impl.AdoJobStore.Common.DbProvider'
2019-11-26 15:21:33,664 version:(null) [1] INFO Quartz.Impl.StdSchedulerFactory - Using object serializer: Quartz.Simpl.BinaryObjectSerializer, Quartz
2019-11-26 15:21:33,720 version:(null) [1] INFO Quartz.Core.SchedulerSignalerImpl - Initialized Scheduler Signaller of type: Quartz.Core.SchedulerSignalerImpl
2019-11-26 15:21:33,733 version:(null) [1] INFO Quartz.Core.QuartzScheduler - Quartz Scheduler v.3.0.7.0 created.
2019-11-26 15:21:33,749 version:(null) [1] INFO Quartz.Impl.AdoJobStore.JobStoreTX - Using thread monitor-based data access locking (synchronization).
2019-11-26 15:21:33,756 version:(null) [1] INFO Quartz.Impl.AdoJobStore.JobStoreTX - JobStoreTX initialized.
2019-11-26 15:21:33,800 version:(null) [1] INFO Quartz.Simpl.RemotingSchedulerExporter - Remoting is allowing remote calls
2019-11-26 15:21:33,802 version:(null) [1] INFO Quartz.Simpl.RemotingSchedulerExporter - Registering remoting channel of type 'System.Runtime.Remoting.Channels.Tcp.TcpChannel' to port (555) with name (httpQuartz)
2019-11-26 15:21:33,804 version:(null) [1] INFO Quartz.Simpl.RemotingSchedulerExporter - Remoting channel registered successfully
2019-11-26 15:21:33,806 version:(null) [1] INFO Quartz.Simpl.RemotingSchedulerExporter - Successfully marshalled remotable scheduler under name 'QuartzScheduler'
2019-11-26 15:21:33,813 version:(null) [1] INFO Quartz.Core.QuartzScheduler - Scheduler meta-data: Quartz Scheduler (v3.0.7.0) 'DEV-BR-9WYLM32-QuartzService' with instanceId 'DEV-BR-9WYLM32-QuartzService'
  Scheduler class: 'Quartz.Core.QuartzScheduler' - access via remote invocation.
  NOT STARTED.
  Currently in standby mode.
  Number of jobs executed: 0
  Using thread pool 'Quartz.Simpl.DefaultThreadPool' - with 5 threads.
  Using job-store 'Quartz.Impl.AdoJobStore.JobStoreTX' - which supports persistence. and is not clustered.

2019-11-26 15:21:33,821 version:(null) [1] INFO Quartz.Impl.StdSchedulerFactory - Quartz scheduler 'DEV-BR-9WYLM32-QuartzService' initialized
2019-11-26 15:21:33,827 version:(null) [1] INFO Quartz.Impl.StdSchedulerFactory - Quartz scheduler version: 3.0.7.0
2019-11-26 15:21:34,033 version:(null) [5] INFO Quartz.Impl.AdoJobStore.JobStoreTX - Freed 0 triggers from 'acquired' / 'blocked' state.
2019-11-26 15:21:34,073 version:(null) [8] INFO Quartz.Impl.AdoJobStore.JobStoreTX - Recovering 0 jobs that were in-progress at the time of the last shut-down.
2019-11-26 15:21:34,077 version:(null) [8] INFO Quartz.Impl.AdoJobStore.JobStoreTX - Recovery complete.
2019-11-26 15:21:34,149 version:(null) [8] INFO Quartz.Impl.AdoJobStore.JobStoreTX - Removed 1 'complete' triggers.
2019-11-26 15:21:34,159 version:(null) [8] INFO Quartz.Impl.AdoJobStore.JobStoreTX - Removed 1 stale fired job entries.
2019-11-26 15:21:35,065 version:(null) [8] INFO Quartz.Core.QuartzScheduler - Scheduler DEV-BR-9WYLM32-QuartzService_$_DEV-BR-9WYLM32-QuartzService started.
2019-11-26 15:21:36,552 version:(null) [15] INFO QuartzService.Program - Calling TinybeansStatusUpdates.TinyBeansFromCSVProcessor
2019-11-26 15:22:23,433 version:(null) [1] INFO QuartzServiceLib.QuartzWrapper - Starting Quartz Scheduler
2019-11-26 15:22:23,643 version:(null) [1] WARN Quartz.Simpl.TaskSchedulingThreadPool - Thread priority is no longer supported for thread pool, ignoring
2019-11-26 15:22:23,692 version:(null) [1] INFO Quartz.Util.DBConnectionManager - Registering datasource 'default' with db provider: 'Quartz.Impl.AdoJobStore.Common.DbProvider'
2019-11-26 15:22:23,701 version:(null) [1] INFO Quartz.Impl.StdSchedulerFactory - Using object serializer: Quartz.Simpl.BinaryObjectSerializer, Quartz
2019-11-26 15:22:23,839 version:(null) [1] INFO Quartz.Core.SchedulerSignalerImpl - Initialized Scheduler Signaller of type: Quartz.Core.SchedulerSignalerImpl
2019-11-26 15:22:23,846 version:(null) [1] INFO Quartz.Core.QuartzScheduler - Quartz Scheduler v.3.0.7.0 created.
2019-11-26 15:22:23,863 version:(null) [1] INFO Quartz.Impl.AdoJobStore.JobStoreTX - Using thread monitor-based data access locking (synchronization).
2019-11-26 15:22:23,871 version:(null) [1] INFO Quartz.Impl.AdoJobStore.JobStoreTX - JobStoreTX initialized.
2019-11-26 15:22:23,948 version:(null) [1] INFO Quartz.Simpl.RemotingSchedulerExporter - Remoting is allowing remote calls
2019-11-26 15:22:23,951 version:(null) [1] INFO Quartz.Simpl.RemotingSchedulerExporter - Registering remoting channel of type 'System.Runtime.Remoting.Channels.Tcp.TcpChannel' to port (555) with name (httpQuartz)
2019-11-26 15:22:23,954 version:(null) [1] INFO Quartz.Simpl.RemotingSchedulerExporter - Remoting channel registered successfully
2019-11-26 15:22:23,956 version:(null) [1] INFO Quartz.Simpl.RemotingSchedulerExporter - Successfully marshalled remotable scheduler under name 'QuartzScheduler'
2019-11-26 15:22:23,963 version:(null) [1] INFO Quartz.Core.QuartzScheduler - Scheduler meta-data: Quartz Scheduler (v3.0.7.0) 'DEV-BR-9WYLM32-QuartzService' with instanceId 'DEV-BR-9WYLM32-QuartzService'
  Scheduler class: 'Quartz.Core.QuartzScheduler' - access via remote invocation.
  NOT STARTED.
  Currently in standby mode.
  Number of jobs executed: 0
  Using thread pool 'Quartz.Simpl.DefaultThreadPool' - with 5 threads.
  Using job-store 'Quartz.Impl.AdoJobStore.JobStoreTX' - which supports persistence. and is not clustered.

2019-11-26 15:22:23,971 version:(null) [1] INFO Quartz.Impl.StdSchedulerFactory - Quartz scheduler 'DEV-BR-9WYLM32-QuartzService' initialized
2019-11-26 15:22:23,977 version:(null) [1] INFO Quartz.Impl.StdSchedulerFactory - Quartz scheduler version: 3.0.7.0
2019-11-26 15:22:24,124 version:(null) [5] INFO Quartz.Impl.AdoJobStore.JobStoreTX - Freed 0 triggers from 'acquired' / 'blocked' state.
2019-11-26 15:22:24,165 version:(null) [8] INFO Quartz.Impl.AdoJobStore.JobStoreTX - Recovering 0 jobs that were in-progress at the time of the last shut-down.
2019-11-26 15:22:24,169 version:(null) [8] INFO Quartz.Impl.AdoJobStore.JobStoreTX - Recovery complete.
2019-11-26 15:22:24,176 version:(null) [8] INFO Quartz.Impl.AdoJobStore.JobStoreTX - Removed 0 'complete' triggers.
2019-11-26 15:22:24,190 version:(null) [8] INFO Quartz.Impl.AdoJobStore.JobStoreTX - Removed 0 stale fired job entries.
2019-11-26 15:22:25,504 version:(null) [8] INFO Quartz.Core.QuartzScheduler - Scheduler DEV-BR-9WYLM32-QuartzService_$_DEV-BR-9WYLM32-QuartzService started.
2019-11-26 15:22:27,941 version:(null) [15] INFO QuartzService.Program - Calling TinybeansStatusUpdates.TinyBeansFromCSVProcessor
2019-11-26 15:23:52,310 version:(null) [1] INFO QuartzServiceLib.QuartzWrapper - Starting Quartz Scheduler
2019-11-26 15:23:52,576 version:(null) [1] WARN Quartz.Simpl.TaskSchedulingThreadPool - Thread priority is no longer supported for thread pool, ignoring
2019-11-26 15:23:52,653 version:(null) [1] INFO Quartz.Util.DBConnectionManager - Registering datasource 'default' with db provider: 'Quartz.Impl.AdoJobStore.Common.DbProvider'
2019-11-26 15:23:52,666 version:(null) [1] INFO Quartz.Impl.StdSchedulerFactory - Using object serializer: Quartz.Simpl.BinaryObjectSerializer, Quartz
2019-11-26 15:23:52,812 version:(null) [1] INFO Quartz.Core.SchedulerSignalerImpl - Initialized Scheduler Signaller of type: Quartz.Core.SchedulerSignalerImpl
2019-11-26 15:23:52,825 version:(null) [1] INFO Quartz.Core.QuartzScheduler - Quartz Scheduler v.3.0.7.0 created.
2019-11-26 15:23:52,846 version:(null) [1] INFO Quartz.Impl.AdoJobStore.JobStoreTX - Using thread monitor-based data access locking (synchronization).
2019-11-26 15:23:52,856 version:(null) [1] INFO Quartz.Impl.AdoJobStore.JobStoreTX - JobStoreTX initialized.
2019-11-26 15:23:52,942 version:(null) [1] INFO Quartz.Simpl.RemotingSchedulerExporter - Remoting is allowing remote calls
2019-11-26 15:23:52,944 version:(null) [1] INFO Quartz.Simpl.RemotingSchedulerExporter - Registering remoting channel of type 'System.Runtime.Remoting.Channels.Tcp.TcpChannel' to port (555) with name (httpQuartz)
2019-11-26 15:23:52,949 version:(null) [1] INFO Quartz.Simpl.RemotingSchedulerExporter - Remoting channel registered successfully
2019-11-26 15:23:52,951 version:(null) [1] INFO Quartz.Simpl.RemotingSchedulerExporter - Successfully marshalled remotable scheduler under name 'QuartzScheduler'
2019-11-26 15:23:52,958 version:(null) [1] INFO Quartz.Core.QuartzScheduler - Scheduler meta-data: Quartz Scheduler (v3.0.7.0) 'DEV-BR-9WYLM32-QuartzService' with instanceId 'DEV-BR-9WYLM32-QuartzService'
  Scheduler class: 'Quartz.Core.QuartzScheduler' - access via remote invocation.
  NOT STARTED.
  Currently in standby mode.
  Number of jobs executed: 0
  Using thread pool 'Quartz.Simpl.DefaultThreadPool' - with 5 threads.
  Using job-store 'Quartz.Impl.AdoJobStore.JobStoreTX' - which supports persistence. and is not clustered.

2019-11-26 15:23:52,963 version:(null) [1] INFO Quartz.Impl.StdSchedulerFactory - Quartz scheduler 'DEV-BR-9WYLM32-QuartzService' initialized
2019-11-26 15:23:52,965 version:(null) [1] INFO Quartz.Impl.StdSchedulerFactory - Quartz scheduler version: 3.0.7.0
2019-11-26 15:23:53,191 version:(null) [5] INFO Quartz.Impl.AdoJobStore.JobStoreTX - Freed 0 triggers from 'acquired' / 'blocked' state.
2019-11-26 15:23:53,276 version:(null) [8] INFO Quartz.Impl.AdoJobStore.JobStoreTX - Recovering 0 jobs that were in-progress at the time of the last shut-down.
2019-11-26 15:23:53,279 version:(null) [8] INFO Quartz.Impl.AdoJobStore.JobStoreTX - Recovery complete.
2019-11-26 15:23:53,346 version:(null) [8] INFO Quartz.Impl.AdoJobStore.JobStoreTX - Removed 1 'complete' triggers.
2019-11-26 15:23:53,353 version:(null) [9] INFO Quartz.Impl.AdoJobStore.JobStoreTX - Removed 1 stale fired job entries.
2019-11-26 15:23:54,563 version:(null) [9] INFO Quartz.Core.QuartzScheduler - Scheduler DEV-BR-9WYLM32-QuartzService_$_DEV-BR-9WYLM32-QuartzService started.
2019-11-26 15:23:56,885 version:(null) [15] INFO QuartzService.Program - Calling TinybeansStatusUpdates.TinyBeansFromCSVProcessor
2019-11-26 15:25:36,762 version:(null) [1] INFO QuartzServiceLib.QuartzWrapper - Starting Quartz Scheduler
2019-11-26 15:25:36,883 version:(null) [1] WARN Quartz.Simpl.TaskSchedulingThreadPool - Thread priority is no longer supported for thread pool, ignoring
2019-11-26 15:25:36,911 version:(null) [1] INFO Quartz.Util.DBConnectionManager - Registering datasource 'default' with db provider: 'Quartz.Impl.AdoJobStore.Common.DbProvider'
2019-11-26 15:25:36,916 version:(null) [1] INFO Quartz.Impl.StdSchedulerFactory - Using object serializer: Quartz.Simpl.BinaryObjectSerializer, Quartz
2019-11-26 15:25:36,952 version:(null) [1] INFO Quartz.Core.SchedulerSignalerImpl - Initialized Scheduler Signaller of type: Quartz.Core.SchedulerSignalerImpl
2019-11-26 15:25:36,956 version:(null) [1] INFO Quartz.Core.QuartzScheduler - Quartz Scheduler v.3.0.7.0 created.
2019-11-26 15:25:36,965 version:(null) [1] INFO Quartz.Impl.AdoJobStore.JobStoreTX - Using thread monitor-based data access locking (synchronization).
2019-11-26 15:25:36,968 version:(null) [1] INFO Quartz.Impl.AdoJobStore.JobStoreTX - JobStoreTX initialized.
2019-11-26 15:25:36,983 version:(null) [1] INFO Quartz.Simpl.RemotingSchedulerExporter - Remoting is allowing remote calls
2019-11-26 15:25:36,984 version:(null) [1] INFO Quartz.Simpl.RemotingSchedulerExporter - Registering remoting channel of type 'System.Runtime.Remoting.Channels.Tcp.TcpChannel' to port (555) with name (httpQuartz)
2019-11-26 15:25:36,985 version:(null) [1] INFO Quartz.Simpl.RemotingSchedulerExporter - Remoting channel registered successfully
2019-11-26 15:25:36,986 version:(null) [1] INFO Quartz.Simpl.RemotingSchedulerExporter - Successfully marshalled remotable scheduler under name 'QuartzScheduler'
2019-11-26 15:25:36,989 version:(null) [1] INFO Quartz.Core.QuartzScheduler - Scheduler meta-data: Quartz Scheduler (v3.0.7.0) 'DEV-BR-9WYLM32-QuartzService' with instanceId 'DEV-BR-9WYLM32-QuartzService'
  Scheduler class: 'Quartz.Core.QuartzScheduler' - access via remote invocation.
  NOT STARTED.
  Currently in standby mode.
  Number of jobs executed: 0
  Using thread pool 'Quartz.Simpl.DefaultThreadPool' - with 5 threads.
  Using job-store 'Quartz.Impl.AdoJobStore.JobStoreTX' - which supports persistence. and is not clustered.

2019-11-26 15:25:36,992 version:(null) [1] INFO Quartz.Impl.StdSchedulerFactory - Quartz scheduler 'DEV-BR-9WYLM32-QuartzService' initialized
2019-11-26 15:25:36,994 version:(null) [1] INFO Quartz.Impl.StdSchedulerFactory - Quartz scheduler version: 3.0.7.0
2019-11-26 15:25:37,075 version:(null) [8] INFO Quartz.Impl.AdoJobStore.JobStoreTX - Freed 0 triggers from 'acquired' / 'blocked' state.
2019-11-26 15:25:37,095 version:(null) [9] INFO Quartz.Impl.AdoJobStore.JobStoreTX - Recovering 0 jobs that were in-progress at the time of the last shut-down.
2019-11-26 15:25:37,097 version:(null) [9] INFO Quartz.Impl.AdoJobStore.JobStoreTX - Recovery complete.
2019-11-26 15:25:37,119 version:(null) [8] INFO Quartz.Impl.AdoJobStore.JobStoreTX - Removed 1 'complete' triggers.
2019-11-26 15:25:37,123 version:(null) [5] INFO Quartz.Impl.AdoJobStore.JobStoreTX - Removed 1 stale fired job entries.
2019-11-26 15:25:37,396 version:(null) [5] INFO Quartz.Core.QuartzScheduler - Scheduler DEV-BR-9WYLM32-QuartzService_$_DEV-BR-9WYLM32-QuartzService started.
2019-11-26 15:25:40,078 version:(null) [15] INFO QuartzService.Program - Calling TinybeansStatusUpdates.TinyBeansFromCSVProcessor
2019-11-26 15:26:09,773 version:(null) [1] INFO QuartzServiceLib.QuartzWrapper - Starting Quartz Scheduler
2019-11-26 15:26:09,998 version:(null) [1] WARN Quartz.Simpl.TaskSchedulingThreadPool - Thread priority is no longer supported for thread pool, ignoring
2019-11-26 15:26:10,055 version:(null) [1] INFO Quartz.Util.DBConnectionManager - Registering datasource 'default' with db provider: 'Quartz.Impl.AdoJobStore.Common.DbProvider'
2019-11-26 15:26:10,065 version:(null) [1] INFO Quartz.Impl.StdSchedulerFactory - Using object serializer: Quartz.Simpl.BinaryObjectSerializer, Quartz
2019-11-26 15:26:10,222 version:(null) [1] INFO Quartz.Core.SchedulerSignalerImpl - Initialized Scheduler Signaller of type: Quartz.Core.SchedulerSignalerImpl
2019-11-26 15:26:10,228 version:(null) [1] INFO Quartz.Core.QuartzScheduler - Quartz Scheduler v.3.0.7.0 created.
2019-11-26 15:26:10,248 version:(null) [1] INFO Quartz.Impl.AdoJobStore.JobStoreTX - Using thread monitor-based data access locking (synchronization).
2019-11-26 15:26:10,253 version:(null) [1] INFO Quartz.Impl.AdoJobStore.JobStoreTX - JobStoreTX initialized.
2019-11-26 15:26:10,286 version:(null) [1] INFO Quartz.Simpl.RemotingSchedulerExporter - Remoting is allowing remote calls
2019-11-26 15:26:10,289 version:(null) [1] INFO Quartz.Simpl.RemotingSchedulerExporter - Registering remoting channel of type 'System.Runtime.Remoting.Channels.Tcp.TcpChannel' to port (555) with name (httpQuartz)
2019-11-26 15:26:10,292 version:(null) [1] INFO Quartz.Simpl.RemotingSchedulerExporter - Remoting channel registered successfully
2019-11-26 15:26:10,294 version:(null) [1] INFO Quartz.Simpl.RemotingSchedulerExporter - Successfully marshalled remotable scheduler under name 'QuartzScheduler'
2019-11-26 15:26:10,306 version:(null) [1] INFO Quartz.Core.QuartzScheduler - Scheduler meta-data: Quartz Scheduler (v3.0.7.0) 'DEV-BR-9WYLM32-QuartzService' with instanceId 'DEV-BR-9WYLM32-QuartzService'
  Scheduler class: 'Quartz.Core.QuartzScheduler' - access via remote invocation.
  NOT STARTED.
  Currently in standby mode.
  Number of jobs executed: 0
  Using thread pool 'Quartz.Simpl.DefaultThreadPool' - with 5 threads.
  Using job-store 'Quartz.Impl.AdoJobStore.JobStoreTX' - which supports persistence. and is not clustered.

2019-11-26 15:26:10,312 version:(null) [1] INFO Quartz.Impl.StdSchedulerFactory - Quartz scheduler 'DEV-BR-9WYLM32-QuartzService' initialized
2019-11-26 15:26:10,317 version:(null) [1] INFO Quartz.Impl.StdSchedulerFactory - Quartz scheduler version: 3.0.7.0
2019-11-26 15:26:10,645 version:(null) [9] INFO Quartz.Impl.AdoJobStore.JobStoreTX - Freed 0 triggers from 'acquired' / 'blocked' state.
2019-11-26 15:26:10,692 version:(null) [8] INFO Quartz.Impl.AdoJobStore.JobStoreTX - Recovering 0 jobs that were in-progress at the time of the last shut-down.
2019-11-26 15:26:10,694 version:(null) [8] INFO Quartz.Impl.AdoJobStore.JobStoreTX - Recovery complete.
2019-11-26 15:26:10,711 version:(null) [9] INFO Quartz.Impl.AdoJobStore.JobStoreTX - Removed 0 'complete' triggers.
2019-11-26 15:26:10,720 version:(null) [9] INFO Quartz.Impl.AdoJobStore.JobStoreTX - Removed 0 stale fired job entries.
2019-11-26 15:26:12,331 version:(null) [9] INFO Quartz.Core.QuartzScheduler - Scheduler DEV-BR-9WYLM32-QuartzService_$_DEV-BR-9WYLM32-QuartzService started.
2019-11-26 15:26:14,430 version:(null) [14] INFO QuartzService.Program - Calling TinybeansStatusUpdates.TinyBeansFromCSVProcessor
2019-11-26 15:27:33,448 version:(null) [1] INFO QuartzServiceLib.QuartzWrapper - Starting Quartz Scheduler
2019-11-26 15:27:33,664 version:(null) [1] WARN Quartz.Simpl.TaskSchedulingThreadPool - Thread priority is no longer supported for thread pool, ignoring
2019-11-26 15:27:33,712 version:(null) [1] INFO Quartz.Util.DBConnectionManager - Registering datasource 'default' with db provider: 'Quartz.Impl.AdoJobStore.Common.DbProvider'
2019-11-26 15:27:33,722 version:(null) [1] INFO Quartz.Impl.StdSchedulerFactory - Using object serializer: Quartz.Simpl.BinaryObjectSerializer, Quartz
2019-11-26 15:27:33,785 version:(null) [1] INFO Quartz.Core.SchedulerSignalerImpl - Initialized Scheduler Signaller of type: Quartz.Core.SchedulerSignalerImpl
2019-11-26 15:27:33,791 version:(null) [1] INFO Quartz.Core.QuartzScheduler - Quartz Scheduler v.3.0.7.0 created.
2019-11-26 15:27:33,807 version:(null) [1] INFO Quartz.Impl.AdoJobStore.JobStoreTX - Using thread monitor-based data access locking (synchronization).
2019-11-26 15:27:33,812 version:(null) [1] INFO Quartz.Impl.AdoJobStore.JobStoreTX - JobStoreTX initialized.
2019-11-26 15:27:33,841 version:(null) [1] INFO Quartz.Simpl.RemotingSchedulerExporter - Remoting is allowing remote calls
2019-11-26 15:27:33,844 version:(null) [1] INFO Quartz.Simpl.RemotingSchedulerExporter - Registering remoting channel of type 'System.Runtime.Remoting.Channels.Tcp.TcpChannel' to port (555) with name (httpQuartz)
2019-11-26 15:27:33,848 version:(null) [1] INFO Quartz.Simpl.RemotingSchedulerExporter - Remoting channel registered successfully
2019-11-26 15:27:33,851 version:(null) [1] INFO Quartz.Simpl.RemotingSchedulerExporter - Successfully marshalled remotable scheduler under name 'QuartzScheduler'
2019-11-26 15:27:33,856 version:(null) [1] INFO Quartz.Core.QuartzScheduler - Scheduler meta-data: Quartz Scheduler (v3.0.7.0) 'DEV-BR-9WYLM32-QuartzService' with instanceId 'DEV-BR-9WYLM32-QuartzService'
  Scheduler class: 'Quartz.Core.QuartzScheduler' - access via remote invocation.
  NOT STARTED.
  Currently in standby mode.
  Number of jobs executed: 0
  Using thread pool 'Quartz.Simpl.DefaultThreadPool' - with 5 threads.
  Using job-store 'Quartz.Impl.AdoJobStore.JobStoreTX' - which supports persistence. and is not clustered.

2019-11-26 15:27:33,865 version:(null) [1] INFO Quartz.Impl.StdSchedulerFactory - Quartz scheduler 'DEV-BR-9WYLM32-QuartzService' initialized
2019-11-26 15:27:33,869 version:(null) [1] INFO Quartz.Impl.StdSchedulerFactory - Quartz scheduler version: 3.0.7.0
2019-11-26 15:27:34,044 version:(null) [8] INFO Quartz.Impl.AdoJobStore.JobStoreTX - Freed 0 triggers from 'acquired' / 'blocked' state.
2019-11-26 15:27:34,069 version:(null) [8] INFO Quartz.Impl.AdoJobStore.JobStoreTX - Recovering 0 jobs that were in-progress at the time of the last shut-down.
2019-11-26 15:27:34,071 version:(null) [8] INFO Quartz.Impl.AdoJobStore.JobStoreTX - Recovery complete.
2019-11-26 15:27:34,118 version:(null) [5] INFO Quartz.Impl.AdoJobStore.JobStoreTX - Removed 1 'complete' triggers.
2019-11-26 15:27:34,124 version:(null) [5] INFO Quartz.Impl.AdoJobStore.JobStoreTX - Removed 1 stale fired job entries.
2019-11-26 15:27:34,818 version:(null) [5] INFO Quartz.Core.QuartzScheduler - Scheduler DEV-BR-9WYLM32-QuartzService_$_DEV-BR-9WYLM32-QuartzService started.
2019-11-26 15:27:38,532 version:(null) [15] INFO QuartzService.Program - Calling TinybeansStatusUpdates.TinyBeansFromCSVProcessor
2019-11-26 15:29:07,805 version:(null) [1] INFO QuartzServiceLib.QuartzWrapper - Starting Quartz Scheduler
2019-11-26 15:29:07,989 version:(null) [1] WARN Quartz.Simpl.TaskSchedulingThreadPool - Thread priority is no longer supported for thread pool, ignoring
2019-11-26 15:29:08,054 version:(null) [1] INFO Quartz.Util.DBConnectionManager - Registering datasource 'default' with db provider: 'Quartz.Impl.AdoJobStore.Common.DbProvider'
2019-11-26 15:29:08,064 version:(null) [1] INFO Quartz.Impl.StdSchedulerFactory - Using object serializer: Quartz.Simpl.BinaryObjectSerializer, Quartz
2019-11-26 15:29:08,197 version:(null) [1] INFO Quartz.Core.SchedulerSignalerImpl - Initialized Scheduler Signaller of type: Quartz.Core.SchedulerSignalerImpl
2019-11-26 15:29:08,205 version:(null) [1] INFO Quartz.Core.QuartzScheduler - Quartz Scheduler v.3.0.7.0 created.
2019-11-26 15:29:08,221 version:(null) [1] INFO Quartz.Impl.AdoJobStore.JobStoreTX - Using thread monitor-based data access locking (synchronization).
2019-11-26 15:29:08,227 version:(null) [1] INFO Quartz.Impl.AdoJobStore.JobStoreTX - JobStoreTX initialized.
2019-11-26 15:29:08,259 version:(null) [1] INFO Quartz.Simpl.RemotingSchedulerExporter - Remoting is allowing remote calls
2019-11-26 15:29:08,261 version:(null) [1] INFO Quartz.Simpl.RemotingSchedulerExporter - Registering remoting channel of type 'System.Runtime.Remoting.Channels.Tcp.TcpChannel' to port (555) with name (httpQuartz)
2019-11-26 15:29:08,263 version:(null) [1] INFO Quartz.Simpl.RemotingSchedulerExporter - Remoting channel registered successfully
2019-11-26 15:29:08,265 version:(null) [1] INFO Quartz.Simpl.RemotingSchedulerExporter - Successfully marshalled remotable scheduler under name 'QuartzScheduler'
2019-11-26 15:29:08,273 version:(null) [1] INFO Quartz.Core.QuartzScheduler - Scheduler meta-data: Quartz Scheduler (v3.0.7.0) 'DEV-BR-9WYLM32-QuartzService' with instanceId 'DEV-BR-9WYLM32-QuartzService'
  Scheduler class: 'Quartz.Core.QuartzScheduler' - access via remote invocation.
  NOT STARTED.
  Currently in standby mode.
  Number of jobs executed: 0
  Using thread pool 'Quartz.Simpl.DefaultThreadPool' - with 5 threads.
  Using job-store 'Quartz.Impl.AdoJobStore.JobStoreTX' - which supports persistence. and is not clustered.

2019-11-26 15:29:08,279 version:(null) [1] INFO Quartz.Impl.StdSchedulerFactory - Quartz scheduler 'DEV-BR-9WYLM32-QuartzService' initialized
2019-11-26 15:29:08,282 version:(null) [1] INFO Quartz.Impl.StdSchedulerFactory - Quartz scheduler version: 3.0.7.0
2019-11-26 15:29:08,563 version:(null) [9] INFO Quartz.Impl.AdoJobStore.JobStoreTX - Freed 0 triggers from 'acquired' / 'blocked' state.
2019-11-26 15:29:08,607 version:(null) [5] INFO Quartz.Impl.AdoJobStore.JobStoreTX - Recovering 0 jobs that were in-progress at the time of the last shut-down.
2019-11-26 15:29:08,609 version:(null) [5] INFO Quartz.Impl.AdoJobStore.JobStoreTX - Recovery complete.
2019-11-26 15:29:08,704 version:(null) [9] INFO Quartz.Impl.AdoJobStore.JobStoreTX - Removed 1 'complete' triggers.
2019-11-26 15:29:08,711 version:(null) [9] INFO Quartz.Impl.AdoJobStore.JobStoreTX - Removed 1 stale fired job entries.
2019-11-26 15:29:09,262 version:(null) [9] INFO Quartz.Core.QuartzScheduler - Scheduler DEV-BR-9WYLM32-QuartzService_$_DEV-BR-9WYLM32-QuartzService started.
2019-11-26 15:29:10,813 version:(null) [15] INFO QuartzService.Program - Calling TinybeansStatusUpdates.TinyBeansFromCSVProcessor
